0 4103
1 4103
2 4103
3 4103
4 4103
5 4103
6 4103
7 4103
8 4103
9 4103
10 4103
11 4103
12 4103
13 4103
14 4103
15 4103
16 4103
17 4103
18 4103
19 4103
20 4103
21 4103
22 4103
23 4103
24 4103
25 4103
26 4103
27 4103
28 4103
29 4103
30 4103
31 4103
32 4103
33 4103
34 4103
35 4103
36 4103
37 4103
38 4103
39 4103
40 4103
41 4103
42 4103
43 4103
44 4103
45 4103
46 4103
47 4103
48 4103
49 4103
50 4103
51 4103
52 4103
53 4103
54 4103
55 4103
56 4103
57 4103
58 4103
59 4103
60 4103
61 4103
62 4103
63 4103
64 4103
65 4103
66 4103
67 4103
68 4103
69 4103
70 4103
71 4103
72 4103
73 4103
74 4103
75 4103
76 4103
77 4103
78 4103
79 4103
80 4103
81 4103
82 4103
83 4103
84 4103
85 4103
86 4103
87 4103
88 4103
89 4103
90 4103
91 4103
92 4103
93 4103
94 4103
95 4103
96 4103
97 4103
98 4103
99 4103
100 4103
101 4103
102 4103
103 4103
104 4103
105 4103
106 4103
107 4103
108 4103
109 4103
110 4103
111 4103
112 4103
113 4103
114 4103
115 4103
116 4103
117 4103
118 4103
119 4103
120 4103
121 4103
122 4103
123 4103
124 4103
125 4103
126 4103
127 4103
128 4103
129 4103
130 4103
131 4103
132 4103
133 4103
134 4103
135 4103
136 4103
137 4103
138 4103
139 4103
140 4103
141 4103
142 4103
143 4103
144 4103
145 4103
146 4103
147 4103
148 4103
149 4103
150 4103
151 4103
152 4103
153 4103
154 4103
155 4103
156 4103
157 4103
158 4103
159 4103
160 4103
161 4103
162 4103
163 4103
164 4103
165 4103
166 4103
167 4103
168 4103
169 4103
170 4103
171 4103
172 4103
173 4103
174 4103
175 4103
176 4103
177 4103
178 4103
179 4103
180 4103
181 4103
182 4103
183 4103
184 4103
185 4103
186 4103
187 4103
188 4103
189 4103
190 4103
191 4103
192 4103
193 4103
194 4103
195 4103
196 4103
197 4103
198 4103
199 4103
200 4103
201 4103
202 4103
203 4103
204 4103
205 4103
206 4103
207 4103
208 4103
209 4103
210 4103
211 4103
212 4103
213 4103
214 4103
215 4103
216 4103
217 4103
218 4103
219 4103
220 4103
221 4103
222 4103
223 4103
224 4103
225 4103
226 4103
227 4103
228 4103
229 4103
230 4103
231 4103
232 4103
233 4103
234 4103
235 4103
236 4103
237 4103
238 4103
239 4103
240 4103
241 4103
242 4103
243 4103
244 4103
245 4103
246 4103
247 4103
248 4103
249 4103
250 4103
251 4103
252 4103
253 4103
254 4103
255 4103
256 4103
257 4103
258 4103
259 4103
260 4103
261 4103
262 4103
263 4103
264 4103
265 4103
266 4103
267 4103
268 4103
269 4103
270 4103
271 4103
272 4103
273 4103
274 4103
275 4103
276 4103
277 4103
278 4103
279 4103
280 4103
281 4103
282 4103
283 4103
284 4103
285 4103
286 4103
287 4103
288 4103
289 4103
290 4103
291 4103
292 4103
293 4103
294 4103
295 4103
296 4103
297 4103
298 4103
299 4103
300 4103
301 4103
302 4103
303 4103
304 4103
305 4103
306 4103
307 4103
308 4103
309 4103
310 4103
311 4103
312 4103
313 4103
314 4103
315 4103
316 4103
317 4103
318 4103
319 4103
320 4103
321 4103
322 4103
323 4103
324 4103
325 4103
326 4103
327 4103
328 4103
329 4103
330 4103
331 4103
332 4103
333 4103
334 4103
335 4103
336 4103
337 4103
338 4103
339 4103
340 4103
341 4103
342 4103
343 4103
344 4103
345 4103
346 4103
347 4103
348 4103
349 4103
350 4103
351 4103
352 4103
353 4103
354 4103
355 4103
356 4103
357 4103
358 4103
359 4103
360 4103
361 4103
362 4103
363 4103
364 4103
365 4103
366 4103
367 4103
368 4103
369 4103
370 4103
371 4103
372 4103
373 4103
374 4103
375 4103
376 4103
377 4103
378 4103
379 4103
380 4103
381 4103
382 4103
383 4103
384 4103
385 4103
386 4103
387 4103
388 4103
389 4103
390 4103
391 4103
392 4103
393 4103
394 4103
395 4103
396 4103
397 4103
398 4103
399 4103
400 4103
401 4103
402 4103
403 4103
404 4103
405 4103
406 4103
407 4103
408 4103
409 4103
410 4103
411 4103
412 4103
413 4103
414 4103
415 4103
416 4103
417 4103
418 4103
419 4103
420 4103
421 4103
422 4103
423 4103
424 4103
425 4103
426 4103
427 4103
428 4103
429 4103
430 4103
431 4103
432 4103
433 4103
434 4103
435 4103
436 4103
437 4103
438 4103
439 4103
440 4103
441 4103
442 4103
443 4103
444 4103
445 4103
446 4103
447 4103
448 4103
449 4103
450 4103
451 4103
452 4103
453 4103
454 4103
455 4103
456 4103
457 4103
458 4103
459 4103
460 4103
461 4103
462 4103
463 4103
464 4103
465 4103
466 4103
467 4103
468 4103
469 4103
470 4103
471 4103
472 4103
473 4103
474 4103
475 4103
476 4103
477 4103
478 4103
479 4103
480 4103
481 4103
482 4103
483 4103
484 4103
485 4103
486 4103
487 4103
488 4103
489 4103
490 4103
491 4103
492 4103
493 4103
494 4103
495 4103
496 4103
497 4103
498 4103
499 4103
500 4103
501 4103
502 4103
503 4103
504 4103
505 4103
506 4103
507 4103
508 4103
509 4103
510 4103
511 4103
512 4103
513 4103
514 4103
515 4103
516 4103
517 4103
518 4103
519 4103
520 4103
521 4103
522 4103
523 4103
524 4103
525 4103
526 4103
527 4103
528 4103
529 4103
530 4103
531 4103
532 4103
533 4103
534 4103
535 4103
536 4103
537 4103
538 4103
539 4103
540 4103
541 4103
542 4103
543 4103
544 4103
545 4103
546 4103
547 4103
548 4103
549 4103
550 4103
551 4103
552 4103
553 4103
554 4103
555 4103
556 4103
557 4103
558 4103
559 4103
560 4103
561 4103
562 4103
563 4103
564 4103
565 4103
566 4103
567 4103
568 4103
569 4103
570 4103
571 4103
572 4103
573 4103
574 4103
575 4103
576 4103
577 4103
578 4103
579 4103
580 4103
581 4103
582 4103
583 4103
584 4103
585 4103
586 4103
587 4103
588 4103
589 4103
590 4103
591 4103
592 4103
593 4103
594 4103
595 4103
596 4103
597 4103
598 4103
599 4103
600 4103
601 4103
602 4103
603 4103
604 4103
605 4103
606 4103
607 4103
608 4103
609 4103
610 4103
611 4103
612 4103
613 4103
614 4103
615 4103
616 4103
617 4103
618 4103
619 4103
620 4103
621 4103
622 4103
623 4103
624 4103
625 4103
626 4103
627 4103
628 4103
629 4103
630 4103
631 4103
632 4103
633 4103
634 4103
635 4103
636 4103
637 4103
638 4103
639 4103
640 4103
641 4103
642 4103
643 4103
644 4103
645 4103
646 4103
647 4103
648 4103
649 4103
650 4103
651 4103
652 4103
653 4103
654 4103
655 4103
656 4103
657 4103
658 4103
659 4103
660 4103
661 4103
662 4103
663 4103
664 4103
665 4103
666 4103
667 4103
668 4103
669 4103
670 4103
671 4103
672 4103
673 4103
674 4103
675 4103
676 4103
677 4103
678 4103
679 4103
680 4103
681 4103
682 4103
683 4103
684 4103
685 4103
686 4103
687 4103
688 4103
689 4103
690 4103
691 4103
692 4103
693 4103
694 4103
695 4103
696 4103
697 4103
698 4103
699 4103
700 4103
701 4103
702 4103
703 4103
704 4103
705 4103
706 4103
707 4103
708 4103
709 4103
710 4103
711 4103
712 4103
713 4103
714 4103
715 4103
716 4103
717 4103
718 4103
719 4103
720 4103
721 4103
722 4103
723 4103
724 4103
725 4103
726 4103
727 4103
728 4103
729 4103
730 4103
731 4103
732 4103
733 4103
734 4103
735 4103
736 4103
737 4103
738 4103
739 4103
740 4103
741 4103
742 4103
743 4103
744 4103
745 4103
746 4103
747 4103
748 4103
749 4103
750 4103
751 4103
752 4103
753 4103
754 4103
755 4103
756 4103
757 4103
758 4103
759 4103
760 4103
761 4103
762 4103
763 4103
764 4103
765 4103
766 4103
767 4103
768 4103
769 4103
770 4103
771 4103
772 4103
773 4103
774 4103
775 4103
776 4103
777 4103
778 4103
779 4103
780 4103
781 4103
782 4103
783 4103
784 4103
785 4103
786 4103
787 4103
788 4103
789 4103
790 4103
791 4103
792 4103
793 4103
794 4103
795 4103
796 4103
797 4103
798 4103
799 4103
800 4103
801 4103
802 4103
803 4103
804 4103
805 4103
806 4103
807 4103
808 4103
809 4103
810 4103
811 4103
812 4103
813 4103
814 4103
815 4103
816 4103
817 4103
818 4103
819 4103
820 4103
821 4103
822 4103
823 4103
824 4103
825 4103
826 4103
827 4103
828 4103
829 4103
830 4103
831 4103
832 4103
833 4103
834 4103
835 4103
836 4103
837 4103
838 4103
839 4103
840 4103
841 4103
842 4103
843 4103
844 4103
845 4103
846 4103
847 4103
848 4103
849 4103
850 4103
851 4103
852 4103
853 4103
854 4103
855 4103
856 4103
857 4103
858 4103
859 4103
860 4103
861 4103
862 4103
863 4103
864 4103
865 4103
866 4103
867 4103
868 4103
869 4103
870 4103
871 4103
872 4103
873 4103
874 4103
875 4103
876 4103
877 4103
878 4103
879 4103
880 4103
881 4103
882 4103
883 4103
884 4103
885 4103
886 4103
887 4103
888 4103
889 4103
890 4103
891 4103
892 4103
893 4103
894 4103
895 4103
896 4103
897 4103
898 4103
899 4103
900 4103
901 4103
902 4103
903 4103
904 4103
905 4103
906 4103
907 4103
908 4103
909 4103
910 4103
911 4103
912 4103
913 4103
914 4103
915 4103
916 4103
917 4103
918 4103
919 4103
920 4103
921 4103
922 4103
923 4103
924 4103
925 4103
926 4103
927 4103
928 4103
929 4103
930 4103
931 4103
932 4103
933 4103
934 4103
935 4103
936 4103
937 4103
938 4103
939 4103
940 4103
941 4103
942 4103
943 4103
944 4103
945 4103
946 4103
947 4103
948 4103
949 4103
950 4103
951 4103
952 4103
953 4103
954 4103
955 4103
956 4103
957 4103
958 4103
959 4103
960 4103
961 4103
962 4103
963 4103
964 4103
965 4103
966 4103
967 4103
968 4103
969 4103
970 4103
971 4103
972 4103
973 4103
974 4103
975 4103
976 4103
977 4103
978 4103
979 4103
980 4103
981 4103
982 4103
983 4103
984 4103
985 4103
986 4103
987 4103
988 4103
989 4103
990 4103
991 4103
992 4103
993 4103
994 4103
995 4103
996 4103
997 4103
998 4103
999 4103
1000 4103
1001 4103
1002 4103
1003 4103
1004 4103
1005 4103
1006 4103
1007 4103
1008 4103
1009 4103
1010 4103
1011 4103
1012 4103
1013 4103
1014 4103
1015 4103
1016 4103
1017 4103
1018 4103
1019 4103
1020 4103
1021 4103
1022 4103
1023 4103
1024 4103
1025 4103
1026 4103
1027 4103
1028 4103
1029 4103
1030 4103
1031 4103
1032 4103
1033 4103
1034 4103
1035 4103
1036 4103
1037 4103
1038 4103
1039 4103
1040 4103
1041 4103
1042 4103
1043 4103
1044 4103
1045 4103
1046 4103
1047 4103
1048 4103
1049 4103
1050 4103
1051 4103
1052 4103
1053 4103
1054 4103
1055 4103
1056 4103
1057 4103
1058 4103
1059 4103
1060 4103
1061 4103
1062 4103
1063 4103
1064 4103
1065 4103
1066 4103
1067 4103
1068 4103
1069 4103
1070 4103
1071 4103
1072 4103
1073 4103
1074 4103
1075 4103
1076 4103
1077 4103
1078 4103
1079 4103
1080 4103
1081 4103
1082 4103
1083 4103
1084 4103
1085 4103
1086 4103
1087 4103
1088 4103
1089 4103
1090 4103
1091 4103
1092 4103
1093 4103
1094 4103
1095 4103
1096 4103
1097 4103
1098 4103
1099 4103
1100 4103
1101 4103
1102 4103
1103 4103
1104 4103
1105 4103
1106 4103
1107 4103
1108 4103
1109 4103
1110 4103
1111 4103
1112 4103
1113 4103
1114 4103
1115 4103
1116 4103
1117 4103
1118 4103
1119 4103
1120 4103
1121 4103
1122 4103
1123 4103
1124 4103
1125 4103
1126 4103
1127 4103
1128 4103
1129 4103
1130 4103
1131 4103
1132 4103
1133 4103
1134 4103
1135 4103
1136 4103
1137 4103
1138 4103
1139 4103
1140 4103
1141 4103
1142 4103
1143 4103
1144 4103
1145 4103
1146 4103
1147 4103
1148 4103
1149 4103
1150 4103
1151 4103
1152 4103
1153 4103
1154 4103
1155 4103
1156 4103
1157 4103
1158 4103
1159 4103
1160 4103
1161 4103
1162 4103
1163 4103
1164 4103
1165 4103
1166 4103
1167 4103
1168 4103
1169 4103
1170 4103
1171 4103
1172 4103
1173 4103
1174 4103
1175 4103
1176 4103
1177 4103
1178 4103
1179 4103
1180 4103
1181 4103
1182 4103
1183 4103
1184 4103
1185 4103
1186 4103
1187 4103
1188 4103
1189 4103
1190 4103
1191 4103
1192 4103
1193 4103
1194 4103
1195 4103
1196 4103
1197 4103
1198 4103
1199 4103
1200 4103
1201 4103
1202 4103
1203 4103
1204 4103
1205 4103
1206 4103
1207 4103
1208 4103
1209 4103
1210 4103
1211 4103
1212 4103
1213 4103
1214 4103
1215 4103
1216 4103
1217 4103
1218 4103
1219 4103
1220 4103
1221 4103
1222 4103
1223 4103
1224 4103
1225 4103
1226 4103
1227 4103
1228 4103
1229 4103
1230 4103
1231 4103
1232 4103
1233 4103
1234 4103
1235 4103
1236 4103
1237 4103
1238 4103
1239 4103
1240 4103
1241 4103
1242 4103
1243 4103
1244 4103
1245 4103
1246 4103
1247 4103
1248 4103
1249 4103
1250 4103
1251 4103
1252 4103
1253 4103
1254 4103
1255 4103
1256 4103
1257 4103
1258 4103
1259 4103
1260 4103
1261 4103
1262 4103
1263 4103
1264 4103
1265 4103
1266 4103
1267 4103
1268 4103
1269 4103
1270 4103
1271 4103
1272 4103
1273 4103
1274 4103
1275 4103
1276 4103
1277 4103
1278 4103
1279 4103
1280 4103
1281 4103
1282 4103
1283 4103
1284 4103
1285 4103
1286 4103
1287 4103
1288 4103
1289 4103
1290 4103
1291 4103
1292 4103
1293 4103
1294 4103
1295 4103
1296 4103
1297 4103
1298 4103
1299 4103
1300 4103
1301 4103
1302 4103
1303 4103
1304 4103
1305 4103
1306 4103
1307 4103
1308 4103
1309 4103
1310 4103
1311 4103
1312 4103
1313 4103
1314 4103
1315 4103
1316 4103
1317 4103
1318 4103
1319 4103
1320 4103
1321 4103
1322 4103
1323 4103
1324 4103
1325 4103
1326 4103
1327 4103
1328 4103
1329 4103
1330 4103
1331 4103
1332 4103
1333 4103
1334 4103
1335 4103
1336 4103
1337 4103
1338 4103
1339 4103
1340 4103
1341 4103
1342 4103
1343 4103
1344 4103
1345 4103
1346 4103
1347 4103
1348 4103
1349 4103
1350 4103
1351 4103
1352 4103
1353 4103
1354 4103
1355 4103
1356 4103
1357 4103
1358 4103
1359 4103
1360 4103
1361 4103
1362 4103
1363 4103
1364 4103
1365 4103
1366 4103
1367 4103
1368 4103
1369 4103
1370 4103
1371 4103
1372 4103
1373 4103
1374 4103
1375 4103
1376 4103
1377 4103
1378 4103
1379 4103
1380 4103
1381 4103
1382 4103
1383 4103
1384 4103
1385 4103
1386 4103
1387 4103
1388 4103
1389 4103
1390 4103
1391 4103
1392 4103
1393 4103
1394 4103
1395 4103
1396 4103
1397 4103
1398 4103
1399 4103
1400 4103
1401 4103
1402 4103
1403 4103
1404 4103
1405 4103
1406 4103
1407 4103
1408 4103
1409 4103
1410 4103
1411 4103
1412 4103
1413 4103
1414 4103
1415 4103
1416 4103
1417 4103
1418 4103
1419 4103
1420 4103
1421 4103
1422 4103
1423 4103
1424 4103
1425 4103
1426 4103
1427 4103
1428 4103
1429 4103
1430 4103
1431 4103
1432 4103
1433 4103
1434 4103
1435 4103
1436 4103
1437 4103
1438 4103
1439 4103
1440 4103
1441 4103
1442 4103
1443 4103
1444 4103
1445 4103
1446 4103
1447 4103
1448 4103
1449 4103
1450 4103
1451 4103
1452 4103
1453 4103
1454 4103
1455 4103
1456 4103
1457 4103
1458 4103
1459 4103
1460 4103
1461 4103
1462 4103
1463 4103
1464 4103
1465 4103
1466 4103
1467 4103
1468 4103
1469 4103
1470 4103
1471 4103
1472 4103
1473 4103
1474 4103
1475 4103
1476 4103
1477 4103
1478 4103
1479 4103
1480 4103
1481 4103
1482 4103
1483 4103
1484 4103
1485 4103
1486 4103
1487 4103
1488 4103
1489 4103
1490 4103
1491 4103
1492 4103
1493 4103
1494 4103
1495 4103
1496 4103
1497 4103
1498 4103
1499 4103
1500 4103
1501 4103
1502 4103
1503 4103
1504 4103
1505 4103
1506 4103
1507 4103
1508 4103
1509 4103
1510 4103
1511 4103
1512 4103
1513 4103
1514 4103
1515 4103
1516 4103
1517 4103
1518 4103
1519 4103
1520 4103
1521 4103
1522 4103
1523 4103
1524 4103
1525 4103
1526 4103
1527 4103
1528 4103
1529 4103
1530 4103
1531 4103
1532 4103
1533 4103
1534 4103
1535 4103
1536 4103
1537 4103
1538 4103
1539 4103
1540 4103
1541 4103
1542 4103
1543 4103
1544 4103
1545 4103
1546 4103
1547 4103
1548 4103
1549 4103
1550 4103
1551 4103
1552 4103
1553 4103
1554 4103
1555 4103
1556 4103
1557 4103
1558 4103
1559 4103
1560 4103
1561 4103
1562 4103
1563 4103
1564 4103
1565 4103
1566 4103
1567 4103
1568 4103
1569 4103
1570 4103
1571 4103
1572 4103
1573 4103
1574 4103
1575 4103
1576 4103
1577 4103
1578 4103
1579 4103
1580 4103
1581 4103
1582 4103
1583 4103
1584 4103
1585 4103
1586 4103
1587 4103
1588 4103
1589 4103
1590 4103
1591 4103
1592 4103
1593 4103
1594 4103
1595 4103
1596 4103
1597 4103
1598 4103
1599 4103
1600 4103
1601 4103
1602 4103
1603 4103
1604 4103
1605 4103
1606 4103
1607 4103
1608 4103
1609 4103
1610 4103
1611 4103
1612 4103
1613 4103
1614 4103
1615 4103
1616 4103
1617 4103
1618 4103
1619 4103
1620 4103
1621 4103
1622 4103
1623 4103
1624 4103
1625 4103
1626 4103
1627 4103
1628 4103
1629 4103
1630 4103
1631 4103
1632 4103
1633 4103
1634 4103
1635 4103
1636 4103
1637 4103
1638 4103
1639 4103
1640 4103
1641 4103
1642 4103
1643 4103
1644 4103
1645 4103
1646 4103
1647 4103
1648 4103
1649 4103
1650 4103
1651 4103
1652 4103
1653 4103
1654 4103
1655 4103
1656 4103
1657 4103
1658 4103
1659 4103
1660 4103
1661 4103
1662 4103
1663 4103
1664 4103
1665 4103
1666 4103
1667 4103
1668 4103
1669 4103
1670 4103
1671 4103
1672 4103
1673 4103
1674 4103
1675 4103
1676 4103
1677 4103
1678 4103
1679 4103
1680 4103
1681 4103
1682 4103
1683 4103
1684 4103
1685 4103
1686 4103
1687 4103
1688 4103
1689 4103
1690 4103
1691 4103
1692 4103
1693 4103
1694 4103
1695 4103
1696 4103
1697 4103
1698 4103
1699 4103
1700 4103
1701 4103
1702 4103
1703 4103
1704 4103
1705 4103
1706 4103
1707 4103
1708 4103
1709 4103
1710 4103
1711 4103
1712 4103
1713 4103
1714 4103
1715 4103
1716 4103
1717 4103
1718 4103
1719 4103
1720 4103
1721 4103
1722 4103
1723 4103
1724 4103
1725 4103
1726 4103
1727 4103
1728 4103
1729 4103
1730 4103
1731 4103
1732 4103
1733 4103
1734 4103
1735 4103
1736 4103
1737 4103
1738 4103
1739 4103
1740 4103
1741 4103
1742 4103
1743 4103
1744 4103
1745 4103
1746 4103
1747 4103
1748 4103
1749 4103
1750 4103
1751 4103
1752 4103
1753 4103
1754 4103
1755 4103
1756 4103
1757 4103
1758 4103
1759 4103
1760 4103
1761 4103
1762 4103
1763 4103
1764 4103
1765 4103
1766 4103
1767 4103
1768 4103
1769 4103
1770 4103
1771 4103
1772 4103
1773 4103
1774 4103
1775 4103
1776 4103
1777 4103
1778 4103
1779 4103
1780 4103
1781 4103
1782 4103
1783 4103
1784 4103
1785 4103
1786 4103
1787 4103
1788 4103
1789 4103
1790 4103
1791 4103
1792 4103
1793 4103
1794 4103
1795 4103
1796 4103
1797 4103
1798 4103
1799 4103
1800 4103
1801 4103
1802 4103
1803 4103
1804 4103
1805 4103
1806 4103
1807 4103
1808 4103
1809 4103
1810 4103
1811 4103
1812 4103
1813 4103
1814 4103
1815 4103
1816 4103
1817 4103
1818 4103
1819 4103
1820 4103
1821 4103
1822 4103
1823 4103
1824 4103
1825 4103
1826 4103
1827 4103
1828 4103
1829 4103
1830 4103
1831 4103
1832 4103
1833 4103
1834 4103
1835 4103
1836 4103
1837 4103
1838 4103
1839 4103
1840 4103
1841 4103
1842 4103
1843 4103
1844 4103
1845 4103
1846 4103
1847 4103
1848 4103
1849 4103
1850 4103
1851 4103
1852 4103
1853 4103
1854 4103
1855 4103
1856 4103
1857 4103
1858 4103
1859 4103
1860 4103
1861 4103
1862 4103
1863 4103
1864 4103
1865 4103
1866 4103
1867 4103
1868 4103
1869 4103
1870 4103
1871 4103
1872 4103
1873 4103
1874 4103
1875 4103
1876 4103
1877 4103
1878 4103
1879 4103
1880 4103
1881 4103
1882 4103
1883 4103
1884 4103
1885 4103
1886 4103
1887 4103
1888 4103
1889 4103
1890 4103
1891 4103
1892 4103
1893 4103
1894 4103
1895 4103
1896 4103
1897 4103
1898 4103
1899 4103
1900 4103
1901 4103
1902 4103
1903 4103
1904 4103
1905 4103
1906 4103
1907 4103
1908 4103
1909 4103
1910 4103
1911 4103
1912 4103
1913 4103
1914 4103
1915 4103
1916 4103
1917 4103
1918 4103
1919 4103
1920 4103
1921 4103
1922 4103
1923 4103
1924 4103
1925 4103
1926 4103
1927 4103
1928 4103
1929 4103
1930 4103
1931 4103
1932 4103
1933 4103
1934 4103
1935 4103
1936 4103
1937 4103
1938 4103
1939 4103
1940 4103
1941 4103
1942 4103
1943 4103
1944 4103
1945 4103
1946 4103
1947 4103
1948 4103
1949 4103
1950 4103
1951 4103
1952 4103
1953 4103
1954 4103
1955 4103
1956 4103
1957 4103
1958 4103
1959 4103
1960 4103
1961 4103
1962 4103
1963 4103
1964 4103
1965 4103
1966 4103
1967 4103
1968 4103
1969 4103
1970 4103
1971 4103
1972 4103
1973 4103
1974 4103
1975 4103
1976 4103
1977 4103
1978 4103
1979 4103
1980 4103
1981 4103
1982 4103
1983 4103
1984 4103
1985 4103
1986 4103
1987 4103
1988 4103
1989 4103
1990 4103
1991 4103
1992 4103
1993 4103
1994 4103
1995 4103
1996 4103
1997 4103
1998 4103
1999 4103
2000 4103
2001 4103
2002 4103
2003 4103
2004 4103
2005 4103
2006 4103
2007 4103
2008 4103
2009 4103
2010 4103
2011 4103
2012 4103
2013 4103
2014 4103
2015 4103
2016 4103
2017 4103
2018 4103
2019 4103
2020 4103
2021 4103
2022 4103
2023 4103
2024 4103
2025 4103
2026 4103
2027 4103
2028 4103
2029 4103
2030 4103
2031 4103
2032 4103
2033 4103
2034 4103
2035 4103
2036 4103
2037 4103
2038 4103
2039 4103
2040 4103
2041 4103
2042 4103
2043 4103
2044 4103
2045 4103
2046 4103
2047 4103
2048 4103
2049 4103
2050 4103
2051 4103
2052 4103
2053 4103
2054 4103
2055 4103
2056 4103
2057 4103
2058 4103
2059 4103
2060 4103
2061 4103
2062 4103
2063 4103
2064 4103
2065 4103
2066 4103
2067 4103
2068 4103
2069 4103
2070 4103
2071 4103
2072 4103
2073 4103
2074 4103
2075 4103
2076 4103
2077 4103
2078 4103
2079 4103
2080 4103
2081 4103
2082 4103
2083 4103
2084 4103
2085 4103
2086 4103
2087 4103
2088 4103
2089 4103
2090 4103
2091 4103
2092 4103
2093 4103
2094 4103
2095 4103
2096 4103
2097 4103
2098 4103
2099 4103
2100 4103
2101 4103
2102 4103
2103 4103
2104 4103
2105 4103
2106 4103
2107 4103
2108 4103
2109 4103
2110 4103
2111 4103
2112 4103
2113 4103
2114 4103
2115 4103
2116 4103
2117 4103
2118 4103
2119 4103
2120 4103
2121 4103
2122 4103
2123 4103
2124 4103
2125 4103
2126 4103
2127 4103
2128 4103
2129 4103
2130 4103
2131 4103
2132 4103
2133 4103
2134 4103
2135 4103
2136 4103
2137 4103
2138 4103
2139 4103
2140 4103
2141 4103
2142 4103
2143 4103
2144 4103
2145 4103
2146 4103
2147 4103
2148 4103
2149 4103
2150 4103
2151 4103
2152 4103
2153 4103
2154 4103
2155 4103
2156 4103
2157 4103
2158 4103
2159 4103
2160 4103
2161 4103
2162 4103
2163 4103
2164 4103
2165 4103
2166 4103
2167 4103
2168 4103
2169 4103
2170 4103
2171 4103
2172 4103
2173 4103
2174 4103
2175 4103
2176 4103
2177 4103
2178 4103
2179 4103
2180 4103
2181 4103
2182 4103
2183 4103
2184 4103
2185 4103
2186 4103
2187 4103
2188 4103
2189 4103
2190 4103
2191 4103
2192 4103
2193 4103
2194 4103
2195 4103
2196 4103
2197 4103
2198 4103
2199 4103
2200 4103
2201 4103
2202 4103
2203 4103
2204 4103
2205 4103
2206 4103
2207 4103
2208 4103
2209 4103
2210 4103
2211 4103
2212 4103
2213 4103
2214 4103
2215 4103
2216 4103
2217 4103
2218 4103
2219 4103
2220 4103
2221 4103
2222 4103
2223 4103
2224 4103
2225 4103
2226 4103
2227 4103
2228 4103
2229 4103
2230 4103
2231 4103
2232 4103
2233 4103
2234 4103
2235 4103
2236 4103
2237 4103
2238 4103
2239 4103
2240 4103
2241 4103
2242 4103
2243 4103
2244 4103
2245 4103
2246 4103
2247 4103
2248 4103
2249 4103
2250 4103
2251 4103
2252 4103
2253 4103
2254 4103
2255 4103
2256 4103
2257 4103
2258 4103
2259 4103
2260 4103
2261 4103
2262 4103
2263 4103
2264 4103
2265 4103
2266 4103
2267 4103
2268 4103
2269 4103
2270 4103
2271 4103
2272 4103
2273 4103
2274 4103
2275 4103
2276 4103
2277 4103
2278 4103
2279 4103
2280 4103
2281 4103
2282 4103
2283 4103
2284 4103
2285 4103
2286 4103
2287 4103
2288 4103
2289 4103
2290 4103
2291 4103
2292 4103
2293 4103
2294 4103
2295 4103
2296 4103
2297 4103
2298 4103
2299 4103
2300 4103
2301 4103
2302 4103
2303 4103
2304 4103
2305 4103
2306 4103
2307 4103
2308 4103
2309 4103
2310 4103
2311 4103
2312 4103
2313 4103
2314 4103
2315 4103
2316 4103
2317 4103
2318 4103
2319 4103
2320 4103
2321 4103
2322 4103
2323 4103
2324 4103
2325 4103
2326 4103
2327 4103
2328 4103
2329 4103
2330 4103
2331 4103
2332 4103
2333 4103
2334 4103
2335 4103
2336 4103
2337 4103
2338 4103
2339 4103
2340 4103
2341 4103
2342 4103
2343 4103
2344 4103
2345 4103
2346 4103
2347 4103
2348 4103
2349 4103
2350 4103
2351 4103
2352 4103
2353 4103
2354 4103
2355 4103
2356 4103
2357 4103
2358 4103
2359 4103
2360 4103
2361 4103
2362 4103
2363 4103
2364 4103
2365 4103
2366 4103
2367 4103
2368 4103
2369 4103
2370 4103
2371 4103
2372 4103
2373 4103
2374 4103
2375 4103
2376 4103
2377 4103
2378 4103
2379 4103
2380 4103
2381 4103
2382 4103
2383 4103
2384 4103
2385 4103
2386 4103
2387 4103
2388 4103
2389 4103
2390 4103
2391 4103
2392 4103
2393 4103
2394 4103
2395 4103
2396 4103
2397 4103
2398 4103
2399 4103
2400 4103
2401 4103
2402 4103
2403 4103
2404 4103
2405 4103
2406 4103
2407 4103
2408 4103
2409 4103
2410 4103
2411 4103
2412 4103
2413 4103
2414 4103
2415 4103
2416 4103
2417 4103
2418 4103
2419 4103
2420 4103
2421 4103
2422 4103
2423 4103
2424 4103
2425 4103
2426 4103
2427 4103
2428 4103
2429 4103
2430 4103
2431 4103
2432 4103
2433 4103
2434 4103
2435 4103
2436 4103
2437 4103
2438 4103
2439 4103
2440 4103
2441 4103
2442 4103
2443 4103
2444 4103
2445 4103
2446 4103
2447 4103
2448 4103
2449 4103
2450 4103
2451 4103
2452 4103
2453 4103
2454 4103
2455 4103
2456 4103
2457 4103
2458 4103
2459 4103
2460 4103
2461 4103
2462 4103
2463 4103
2464 4103
2465 4103
2466 4103
2467 4103
2468 4103
2469 4103
2470 4103
2471 4103
2472 4103
2473 4103
2474 4103
2475 4103
2476 4103
2477 4103
2478 4103
2479 4103
2480 4103
2481 4103
2482 4103
2483 4103
2484 4103
2485 4103
2486 4103
2487 4103
2488 4103
2489 4103
2490 4103
2491 4103
2492 4103
2493 4103
2494 4103
2495 4103
2496 4103
2497 4103
2498 4103
2499 4103
2500 4103
2501 4103
2502 4103
2503 4103
2504 4103
2505 4103
2506 4103
2507 4103
2508 4103
2509 4103
2510 4103
2511 4103
2512 4103
2513 4103
2514 4103
2515 4103
2516 4103
2517 4103
2518 4103
2519 4103
2520 4103
2521 4103
2522 4103
2523 4103
2524 4103
2525 4103
2526 4103
2527 4103
2528 4103
2529 4103
2530 4103
2531 4103
2532 4103
2533 4103
2534 4103
2535 4103
2536 4103
2537 4103
2538 4103
2539 4103
2540 4103
2541 4103
2542 4103
2543 4103
2544 4103
2545 4103
2546 4103
2547 4103
2548 4103
2549 4103
2550 4103
2551 4103
2552 4103
2553 4103
2554 4103
2555 4103
2556 4103
2557 4103
2558 4103
2559 4103
2560 4103
2561 4103
2562 4103
2563 4103
2564 4103
2565 4103
2566 4103
2567 4103
2568 4103
2569 4103
2570 4103
2571 4103
2572 4103
2573 4103
2574 4103
2575 4103
2576 4103
2577 4103
2578 4103
2579 4103
2580 4103
2581 4103
2582 4103
2583 4103
2584 4103
2585 4103
2586 4103
2587 4103
2588 4103
2589 4103
2590 4103
2591 4103
2592 4103
2593 4103
2594 4103
2595 4103
2596 4103
2597 4103
2598 4103
2599 4103
2600 4103
2601 4103
2602 4103
2603 4103
2604 4103
2605 4103
2606 4103
2607 4103
2608 4103
2609 4103
2610 4103
2611 4103
2612 4103
2613 4103
2614 4103
2615 4103
2616 4103
2617 4103
2618 4103
2619 4103
2620 4103
2621 4103
2622 4103
2623 4103
2624 4103
2625 4103
2626 4103
2627 4103
2628 4103
2629 4103
2630 4103
2631 4103
2632 4103
2633 4103
2634 4103
2635 4103
2636 4103
2637 4103
2638 4103
2639 4103
2640 4103
2641 4103
2642 4103
2643 4103
2644 4103
2645 4103
2646 4103
2647 4103
2648 4103
2649 4103
2650 4103
2651 4103
2652 4103
2653 4103
2654 4103
2655 4103
2656 4103
2657 4103
2658 4103
2659 4103
2660 4103
2661 4103
2662 4103
2663 4103
2664 4103
2665 4103
2666 4103
2667 4103
2668 4103
2669 4103
2670 4103
2671 4103
2672 4103
2673 4103
2674 4103
2675 4103
2676 4103
2677 4103
2678 4103
2679 4103
2680 4103
2681 4103
2682 4103
2683 4103
2684 4103
2685 4103
2686 4103
2687 4103
2688 4103
2689 4103
2690 4103
2691 4103
2692 4103
2693 4103
2694 4103
2695 4103
2696 4103
2697 4103
2698 4103
2699 4103
2700 4103
2701 4103
2702 4103
2703 4103
2704 4103
2705 4103
2706 4103
2707 4103
2708 4103
2709 4103
2710 4103
2711 4103
2712 4103
2713 4103
2714 4103
2715 4103
2716 4103
2717 4103
2718 4103
2719 4103
2720 4103
2721 4103
2722 4103
2723 4103
2724 4103
2725 4103
2726 4103
2727 4103
2728 4103
2729 4103
2730 4103
2731 4103
2732 4103
2733 4103
2734 4103
2735 4103
2736 4103
2737 4103
2738 4103
2739 4103
2740 4103
2741 4103
2742 4103
2743 4103
2744 4103
2745 4103
2746 4103
2747 4103
2748 4103
2749 4103
2750 4103
2751 4103
2752 4103
2753 4103
2754 4103
2755 4103
2756 4103
2757 4103
2758 4103
2759 4103
2760 4103
2761 4103
2762 4103
2763 4103
2764 4103
2765 4103
2766 4103
2767 4103
2768 4103
2769 4103
2770 4103
2771 4103
2772 4103
2773 4103
2774 4103
2775 4103
2776 4103
2777 4103
2778 4103
2779 4103
2780 4103
2781 4103
2782 4103
2783 4103
2784 4103
2785 4103
2786 4103
2787 4103
2788 4103
2789 4103
2790 4103
2791 4103
2792 4103
2793 4103
2794 4103
2795 4103
2796 4103
2797 4103
2798 4103
2799 4103
2800 4103
2801 4103
2802 4103
2803 4103
2804 4103
2805 4103
2806 4103
2807 4103
2808 4103
2809 4103
2810 4103
2811 4103
2812 4103
2813 4103
2814 4103
2815 4103
2816 4103
2817 4103
2818 4103
2819 4103
2820 4103
2821 4103
2822 4103
2823 4103
2824 4103
2825 4103
2826 4103
2827 4103
2828 4103
2829 4103
2830 4103
2831 4103
2832 4103
2833 4103
2834 4103
2835 4103
2836 4103
2837 4103
2838 4103
2839 4103
2840 4103
2841 4103
2842 4103
2843 4103
2844 4103
2845 4103
2846 4103
2847 4103
2848 4103
2849 4103
2850 4103
2851 4103
2852 4103
2853 4103
2854 4103
2855 4103
2856 4103
2857 4103
2858 4103
2859 4103
2860 4103
2861 4103
2862 4103
2863 4103
2864 4103
2865 4103
2866 4103
2867 4103
2868 4103
2869 4103
2870 4103
2871 4103
2872 4103
2873 4103
2874 4103
2875 4103
2876 4103
2877 4103
2878 4103
2879 4103
2880 4103
2881 4103
2882 4103
2883 4103
2884 4103
2885 4103
2886 4103
2887 4103
2888 4103
2889 4103
2890 4103
2891 4103
2892 4103
2893 4103
2894 4103
2895 4103
2896 4103
2897 4103
2898 4103
2899 4103
2900 4103
2901 4103
2902 4103
2903 4103
2904 4103
2905 4103
2906 4103
2907 4103
2908 4103
2909 4103
2910 4103
2911 4103
2912 4103
2913 4103
2914 4103
2915 4103
2916 4103
2917 4103
2918 4103
2919 4103
2920 4103
2921 4103
2922 4103
2923 4103
2924 4103
2925 4103
2926 4103
2927 4103
2928 4103
2929 4103
2930 4103
2931 4103
2932 4103
2933 4103
2934 4103
2935 4103
2936 4103
2937 4103
2938 4103
2939 4103
2940 4103
2941 4103
2942 4103
2943 4103
2944 4103
2945 4103
2946 4103
2947 4103
2948 4103
2949 4103
2950 4103
2951 4103
2952 4103
2953 4103
2954 4103
2955 4103
2956 4103
2957 4103
2958 4103
2959 4103
2960 4103
2961 4103
2962 4103
2963 4103
2964 4103
2965 4103
2966 4103
2967 4103
2968 4103
2969 4103
2970 4103
2971 4103
2972 4103
2973 4103
2974 4103
2975 4103
2976 4103
2977 4103
2978 4103
2979 4103
2980 4103
2981 4103
2982 4103
2983 4103
2984 4103
2985 4103
2986 4103
2987 4103
2988 4103
2989 4103
2990 4103
2991 4103
2992 4103
2993 4103
2994 4103
2995 4103
2996 4103
2997 4103
2998 4103
2999 4103
3000 4103
3001 4103
3002 4103
3003 4103
3004 4103
3005 4103
3006 4103
3007 4103
3008 4103
3009 4103
3010 4103
3011 4103
3012 4103
3013 4103
3014 4103
3015 4103
3016 4103
3017 4103
3018 4103
3019 4103
3020 4103
3021 4103
3022 4103
3023 4103
3024 4103
3025 4103
3026 4103
3027 4103
3028 4103
3029 4103
3030 4103
3031 4103
3032 4103
3033 4103
3034 4103
3035 4103
3036 4103
3037 4103
3038 4103
3039 4103
3040 4103
3041 4103
3042 4103
3043 4103
3044 4103
3045 4103
3046 4103
3047 4103
3048 4103
3049 4103
3050 4103
3051 4103
3052 4103
3053 4103
3054 4103
3055 4103
3056 4103
3057 4103
3058 4103
3059 4103
3060 4103
3061 4103
3062 4103
3063 4103
3064 4103
3065 4103
3066 4103
3067 4103
3068 4103
3069 4103
3070 4103
3071 4103
3072 4103
3073 4103
3074 4103
3075 4103
3076 4103
3077 4103
3078 4103
3079 4103
3080 4103
3081 4103
3082 4103
3083 4103
3084 4103
3085 4103
3086 4103
3087 4103
3088 4103
3089 4103
3090 4103
3091 4103
3092 4103
3093 4103
3094 4103
3095 4103
3096 4103
3097 4103
3098 4103
3099 4103
3100 4103
3101 4103
3102 4103
3103 4103
3104 4103
3105 4103
3106 4103
3107 4103
3108 4103
3109 4103
3110 4103
3111 4103
3112 4103
3113 4103
3114 4103
3115 4103
3116 4103
3117 4103
3118 4103
3119 4103
3120 4103
3121 4103
3122 4103
3123 4103
3124 4103
3125 4103
3126 4103
3127 4103
3128 4103
3129 4103
3130 4103
3131 4103
3132 4103
3133 4103
3134 4103
3135 4103
3136 4103
3137 4103
3138 4103
3139 4103
3140 4103
3141 4103
3142 4103
3143 4103
3144 4103
3145 4103
3146 4103
3147 4103
3148 4103
3149 4103
3150 4103
3151 4103
3152 4103
3153 4103
3154 4103
3155 4103
3156 4103
3157 4103
3158 4103
3159 4103
3160 4103
3161 4103
3162 4103
3163 4103
3164 4103
3165 4103
3166 4103
3167 4103
3168 4103
3169 4103
3170 4103
3171 4103
3172 4103
3173 4103
3174 4103
3175 4103
3176 4103
3177 4103
3178 4103
3179 4103
3180 4103
3181 4103
3182 4103
3183 4103
3184 4103
3185 4103
3186 4103
3187 4103
3188 4103
3189 4103
3190 4103
3191 4103
3192 4103
3193 4103
3194 4103
3195 4103
3196 4103
3197 4103
3198 4103
3199 4103
3200 4103
3201 4103
3202 4103
3203 4103
3204 4103
3205 4103
3206 4103
3207 4103
3208 4103
3209 4103
3210 4103
3211 4103
3212 4103
3213 4103
3214 4103
3215 4103
3216 4103
3217 4103
3218 4103
3219 4103
3220 4103
3221 4103
3222 4103
3223 4103
3224 4103
3225 4103
3226 4103
3227 4103
3228 4103
3229 4103
3230 4103
3231 4103
3232 4103
3233 4103
3234 4103
3235 4103
3236 4103
3237 4103
3238 4103
3239 4103
3240 4103
3241 4103
3242 4103
3243 4103
3244 4103
3245 4103
3246 4103
3247 4103
3248 4103
3249 4103
3250 4103
3251 4103
3252 4103
3253 4103
3254 4103
3255 4103
3256 4103
3257 4103
3258 4103
3259 4103
3260 4103
3261 4103
3262 4103
3263 4103
3264 4103
3265 4103
3266 4103
3267 4103
3268 4103
3269 4103
3270 4103
3271 4103
3272 4103
3273 4103
3274 4103
3275 4103
3276 4103
3277 4103
3278 4103
3279 4103
3280 4103
3281 4103
3282 4103
3283 4103
3284 4103
3285 4103
3286 4103
3287 4103
3288 4103
3289 4103
3290 4103
3291 4103
3292 4103
3293 4103
3294 4103
3295 4103
3296 4103
3297 4103
3298 4103
3299 4103
3300 4103
3301 4103
3302 4103
3303 4103
3304 4103
3305 4103
3306 4103
3307 4103
3308 4103
3309 4103
3310 4103
3311 4103
3312 4103
3313 4103
3314 4103
3315 4103
3316 4103
3317 4103
3318 4103
3319 4103
3320 4103
3321 4103
3322 4103
3323 4103
3324 4103
3325 4103
3326 4103
3327 4103
3328 4103
3329 4103
3330 4103
3331 4103
3332 4103
3333 4103
3334 4103
3335 4103
3336 4103
3337 4103
3338 4103
3339 4103
3340 4103
3341 4103
3342 4103
3343 4103
3344 4103
3345 4103
3346 4103
3347 4103
3348 4103
3349 4103
3350 4103
3351 4103
3352 4103
3353 4103
3354 4103
3355 4103
3356 4103
3357 4103
3358 4103
3359 4103
3360 4103
3361 4103
3362 4103
3363 4103
3364 4103
3365 4103
3366 4103
3367 4103
3368 4103
3369 4103
3370 4103
3371 4103
3372 4103
3373 4103
3374 4103
3375 4103
3376 4103
3377 4103
3378 4103
3379 4103
3380 4103
3381 4103
3382 4103
3383 4103
3384 4103
3385 4103
3386 4103
3387 4103
3388 4103
3389 4103
3390 4103
3391 4103
3392 4103
3393 4103
3394 4103
3395 4103
3396 4103
3397 4103
3398 4103
3399 4103
3400 4103
3401 4103
3402 4103
3403 4103
3404 4103
3405 4103
3406 4103
3407 4103
3408 4103
3409 4103
3410 4103
3411 4103
3412 4103
3413 4103
3414 4103
3415 4103
3416 4103
3417 4103
3418 4103
3419 4103
3420 4103
3421 4103
3422 4103
3423 4103
3424 4103
3425 4103
3426 4103
3427 4103
3428 4103
3429 4103
3430 4103
3431 4103
3432 4103
3433 4103
3434 4103
3435 4103
3436 4103
3437 4103
3438 4103
3439 4103
3440 4103
3441 4103
3442 4103
3443 4103
3444 4103
3445 4103
3446 4103
3447 4103
3448 4103
3449 4103
3450 4103
3451 4103
3452 4103
3453 4103
3454 4103
3455 4103
3456 4103
3457 4103
3458 4103
3459 4103
3460 4103
3461 4103
3462 4103
3463 4103
3464 4103
3465 4103
3466 4103
3467 4103
3468 4103
3469 4103
3470 4103
3471 4103
3472 4103
3473 4103
3474 4103
3475 4103
3476 4103
3477 4103
3478 4103
3479 4103
3480 4103
3481 4103
3482 4103
3483 4103
3484 4103
3485 4103
3486 4103
3487 4103
3488 4103
3489 4103
3490 4103
3491 4103
3492 4103
3493 4103
3494 4103
3495 4103
3496 4103
3497 4103
3498 4103
3499 4103
3500 4103
3501 4103
3502 4103
3503 4103
3504 4103
3505 4103
3506 4103
3507 4103
3508 4103
3509 4103
3510 4103
3511 4103
3512 4103
3513 4103
3514 4103
3515 4103
3516 4103
3517 4103
3518 4103
3519 4103
3520 4103
3521 4103
3522 4103
3523 4103
3524 4103
3525 4103
3526 4103
3527 4103
3528 4103
3529 4103
3530 4103
3531 4103
3532 4103
3533 4103
3534 4103
3535 4103
3536 4103
3537 4103
3538 4103
3539 4103
3540 4103
3541 4103
3542 4103
3543 4103
3544 4103
3545 4103
3546 4103
3547 4103
3548 4103
3549 4103
3550 4103
3551 4103
3552 4103
3553 4103
3554 4103
3555 4103
3556 4103
3557 4103
3558 4103
3559 4103
3560 4103
3561 4103
3562 4103
3563 4103
3564 4103
3565 4103
3566 4103
3567 4103
3568 4103
3569 4103
3570 4103
3571 4103
3572 4103
3573 4103
3574 4103
3575 4103
3576 4103
3577 4103
3578 4103
3579 4103
3580 4103
3581 4103
3582 4103
3583 4103
3584 4103
3585 4103
3586 4103
3587 4103
3588 4103
3589 4103
3590 4103
3591 4103
3592 4103
3593 4103
3594 4103
3595 4103
3596 4103
3597 4103
3598 4103
3599 4103
3600 4103
3601 4103
3602 4103
3603 4103
3604 4103
3605 4103
3606 4103
3607 4103
3608 4103
3609 4103
3610 4103
3611 4103
3612 4103
3613 4103
3614 4103
3615 4103
3616 4103
3617 4103
3618 4103
3619 4103
3620 4103
3621 4103
3622 4103
3623 4103
3624 4103
3625 4103
3626 4103
3627 4103
3628 4103
3629 4103
3630 4103
3631 4103
3632 4103
3633 4103
3634 4103
3635 4103
3636 4103
3637 4103
3638 4103
3639 4103
3640 4103
3641 4103
3642 4103
3643 4103
3644 4103
3645 4103
3646 4103
3647 4103
3648 4103
3649 4103
3650 4103
3651 4103
3652 4103
3653 4103
3654 4103
3655 4103
3656 4103
3657 4103
3658 4103
3659 4103
3660 4103
3661 4103
3662 4103
3663 4103
3664 4103
3665 4103
3666 4103
3667 4103
3668 4103
3669 4103
3670 4103
3671 4103
3672 4103
3673 4103
3674 4103
3675 4103
3676 4103
3677 4103
3678 4103
3679 4103
3680 4103
3681 4103
3682 4103
3683 4103
3684 4103
3685 4103
3686 4103
3687 4103
3688 4103
3689 4103
3690 4103
3691 4103
3692 4103
3693 4103
3694 4103
3695 4103
3696 4103
3697 4103
3698 4103
3699 4103
3700 4103
3701 4103
3702 4103
3703 4103
3704 4103
3705 4103
3706 4103
3707 4103
3708 4103
3709 4103
3710 4103
3711 4103
3712 4103
3713 4103
3714 4103
3715 4103
3716 4103
3717 4103
3718 4103
3719 4103
3720 4103
3721 4103
3722 4103
3723 4103
3724 4103
3725 4103
3726 4103
3727 4103
3728 4103
3729 4103
3730 4103
3731 4103
3732 4103
3733 4103
3734 4103
3735 4103
3736 4103
3737 4103
3738 4103
3739 4103
3740 4103
3741 4103
3742 4103
3743 4103
3744 4103
3745 4103
3746 4103
3747 4103
3748 4103
3749 4103
3750 4103
3751 4103
3752 4103
3753 4103
3754 4103
3755 4103
3756 4103
3757 4103
3758 4103
3759 4103
3760 4103
3761 4103
3762 4103
3763 4103
3764 4103
3765 4103
3766 4103
3767 4103
3768 4103
3769 4103
3770 4103
3771 4103
3772 4103
3773 4103
3774 4103
3775 4103
3776 4103
3777 4103
3778 4103
3779 4103
3780 4103
3781 4103
3782 4103
3783 4103
3784 4103
3785 4103
3786 4103
3787 4103
3788 4103
3789 4103
3790 4103
3791 4103
3792 4103
3793 4103
3794 4103
3795 4103
3796 4103
3797 4103
3798 4103
3799 4103
3800 4103
3801 4103
3802 4103
3803 4103
3804 4103
3805 4103
3806 4103
3807 4103
3808 4103
3809 4103
3810 4103
3811 4103
3812 4103
3813 4103
3814 4103
3815 4103
3816 4103
3817 4103
3818 4103
3819 4103
3820 4103
3821 4103
3822 4103
3823 4103
3824 4103
3825 4103
3826 4103
3827 4103
3828 4103
3829 4103
3830 4103
3831 4103
3832 4103
3833 4103
3834 4103
3835 4103
3836 4103
3837 4103
3838 4103
3839 4103
3840 4103
3841 4103
3842 4103
3843 4103
3844 4103
3845 4103
3846 4103
3847 4103
3848 4103
3849 4103
3850 4103
3851 4103
3852 4103
3853 4103
3854 4103
3855 4103
3856 4103
3857 4103
3858 4103
3859 4103
3860 4103
3861 4103
3862 4103
3863 4103
3864 4103
3865 4103
3866 4103
3867 4103
3868 4103
3869 4103
3870 4103
3871 4103
3872 4103
3873 4103
3874 4103
3875 4103
3876 4103
3877 4103
3878 4103
3879 4103
3880 4103
3881 4103
3882 4103
3883 4103
3884 4103
3885 4103
3886 4103
3887 4103
3888 4103
3889 4103
3890 4103
3891 4103
3892 4103
3893 4103
3894 4103
3895 4103
3896 4103
3897 4103
3898 4103
3899 4103
3900 4103
3901 4103
3902 4103
3903 4103
3904 4103
3905 4103
3906 4103
3907 4103
3908 4103
3909 4103
3910 4103
3911 4103
3912 4103
3913 4103
3914 4103
3915 4103
3916 4103
3917 4103
3918 4103
3919 4103
3920 4103
3921 4103
3922 4103
3923 4103
3924 4103
3925 4103
3926 4103
3927 4103
3928 4103
3929 4103
3930 4103
3931 4103
3932 4103
3933 4103
3934 4103
3935 4103
3936 4103
3937 4103
3938 4103
3939 4103
3940 4103
3941 4103
3942 4103
3943 4103
3944 4103
3945 4103
3946 4103
3947 4103
3948 4103
3949 4103
3950 4103
3951 4103
3952 4103
3953 4103
3954 4103
3955 4103
3956 4103
3957 4103
3958 4103
3959 4103
3960 4103
3961 4103
3962 4103
3963 4103
3964 4103
3965 4103
3966 4103
3967 4103
3968 4103
3969 4103
3970 4103
3971 4103
3972 4103
3973 4103
3974 4103
3975 4103
3976 4103
3977 4103
3978 4103
3979 4103
3980 4103
3981 4103
3982 4103
3983 4103
3984 4103
3985 4103
3986 4103
3987 4103
3988 4103
3989 4103
3990 4103
3991 4103
3992 4103
3993 4103
3994 4103
3995 4103
3996 4103
3997 4103
3998 4103
3999 4103
4000 4103
4001 4103
4002 4103
4003 4103
4004 4103
4005 4103
4006 4103
4007 4103
4008 4103
4009 4103
4010 4103
4011 4103
4012 4103
4013 4103
4014 4103
4015 4103
4016 4103
4017 4103
4018 4103
4019 4103
4020 4103
4021 4103
4022 4103
4023 4103
4024 4103
4025 4103
4026 4103
4027 4103
4028 4103
4029 4103
4030 4103
4031 4103
4032 4103
4033 4103
4034 4103
4035 4103
4036 4103
4037 4103
4038 4103
4039 4103
4040 4103
4041 4103
4042 4103
4043 4103
4044 4103
4045 4103
4046 4103
4047 4103
4048 4103
4049 4103
4050 4103
4051 4103
4052 4103
4053 4103
4054 4103
4055 4103
4056 4103
4057 4103
4058 4103
4059 4103
4060 4103
4061 4103
4062 4103
4063 4103
4064 4103
4065 4103
4066 4103
4067 4103
4068 4103
4069 4103
4070 4103
4071 4103
4072 4103
4073 4103
4074 4103
4075 4103
4076 4103
4077 4103
4078 4103
4079 4103
4080 4103
4081 4103
4082 4103
4083 4103
4084 4103
4085 4103
4086 4103
4087 4103
4088 4103
4089 4103
4090 4103
4091 4103
4092 4103
4093 4103
4094 4103
4095 4103
4096 4103
4097 4103
4098 4103
4099 4103
4100 4103
4101 4103
4102 4103
